remote-pay-android-example-pos/build/outputs/logs/manifest-merger-debug-report.txt
-- Merging decision tree log ---
manifest
ADDED from src/main/AndroidManifest.xml:17:1-60:12
INJECTED from src/main/AndroidManifest.xml:17:1-60:12
MERGED from [com.clover.sdk:remote-pay-android-connector:2.0.0-SNAPSHOT] AndroidManifest.xml:2:1-50:12
MERGED from [com.clover:clover-remote-interface:235-SNAPSHOT] AndroidManifest.xml:2:1-12:12
MERGED from [com.google.android.gms:play-services-vision:10.2.6] AndroidManifest.xml:2:1-5:12
MERGED from [com.google.android.gms:play-services-base:10.2.6] AndroidManifest.xml:16:1-21:12
MERGED from [com.google.android.gms:play-services-tasks:10.2.6] AndroidManifest.xml:2:1-5:12
MERGED from [com.google.android.gms:play-services-basement:10.2.6] AndroidManifest.xml:16:1-23:12
MERGED from [com.android.support:support-v4:25.2.0] AndroidManifest.xml:17:1-27:12
MERGED from [com.clover.sdk:clover-android-sdk:207-SNAPSHOT] AndroidManifest.xml:17:1-29:12
MERGED from [com.android.support:support-fragment:25.2.0] AndroidManifest.xml:17:1-27:12
MERGED from [com.android.support:support-media-compat:25.2.0] AndroidManifest.xml:17:1-27:12
MERGED from [com.android.support:support-core-utils:25.2.0] AndroidManifest.xml:17:1-27:12
MERGED from [com.android.support:support-core-ui:25.2.0] AndroidManifest.xml:17:1-27:12
MERGED from [com.android.support:support-compat:25.2.0] AndroidManifest.xml:17:1-27:12
INJECTED from src/main/AndroidManifest.xml:17:1-60:12
	package
		ADDED from src/main/AndroidManifest.xml:18:5-51
	android:versionName
		ADDED from src/main/AndroidManifest.xml:19:5-30
		INJECTED from src/main/AndroidManifest.xml
		INJECTED from src/main/AndroidManifest.xml
	xmlns:android
		ADDED from src/main/AndroidManifest.xml:17:11-69
uses-sdk
ADDED from src/main/AndroidManifest.xml:21:5-23:16
INJECTED from src/main/AndroidManifest.xml:21:5-23:16
INJECTED from src/main/AndroidManifest.xml:21:5-23:16
MERGED from [com.clover.sdk:remote-pay-android-connector:2.0.0-SNAPSHOT] AndroidManifest.xml:5:5-7:41
MERGED from [com.clover.sdk:remote-pay-android-connector:2.0.0-SNAPSHOT] AndroidManifest.xml:5:5-7:41
MERGED from [com.clover:clover-remote-interface:235-SNAPSHOT] AndroidManifest.xml:6:5-8:41
MERGED from [com.clover:clover-remote-interface:235-SNAPSHOT] AndroidManifest.xml:6:5-8:41
MERGED from [com.google.android.gms:play-services-vision:10.2.6] AndroidManifest.xml:3:5-43
MERGED from [com.google.android.gms:play-services-vision:10.2.6] AndroidManifest.xml:3:5-43
MERGED from [com.google.android.gms:play-services-base:10.2.6] AndroidManifest.xml:17:5-43
MERGED from [com.google.android.gms:play-services-base:10.2.6] AndroidManifest.xml:17:5-43
MERGED from [com.google.android.gms:play-services-tasks:10.2.6] AndroidManifest.xml:3:5-43
MERGED from [com.google.android.gms:play-services-tasks:10.2.6] AndroidManifest.xml:3:5-43
MERGED from [com.google.android.gms:play-services-basement:10.2.6] AndroidManifest.xml:17:5-43
MERGED from [com.google.android.gms:play-services-basement:10.2.6] AndroidManifest.xml:17:5-43
MERGED from [com.android.support:support-v4:25.2.0] AndroidManifest.xml:21:5-23:54
MERGED from [com.android.support:support-v4:25.2.0] AndroidManifest.xml:21:5-23:54
MERGED from [com.clover.sdk:clover-android-sdk:207-SNAPSHOT] AndroidManifest.xml:23:5-25:41
MERGED from [com.clover.sdk:clover-android-sdk:207-SNAPSHOT] AndroidManifest.xml:23:5-25:41
MERGED from [com.android.support:support-fragment:25.2.0] AndroidManifest.xml:21:5-23:60
MERGED from [com.android.support:support-fragment:25.2.0] AndroidManifest.xml:21:5-23:60
MERGED from [com.android.support:support-media-compat:25.2.0] AndroidManifest.xml:21:5-23:63
MERGED from [com.android.support:support-media-compat:25.2.0] AndroidManifest.xml:21:5-23:63
MERGED from [com.android.support:support-core-utils:25.2.0] AndroidManifest.xml:21:5-23:61
MERGED from [com.android.support:support-core-utils:25.2.0] AndroidManifest.xml:21:5-23:61
MERGED from [com.android.support:support-core-ui:25.2.0] AndroidManifest.xml:21:5-23:58
MERGED from [com.android.support:support-core-ui:25.2.0] AndroidManifest.xml:21:5-23:58
MERGED from [com.android.support:support-compat:25.2.0] AndroidManifest.xml:21:5-23:58
MERGED from [com.android.support:support-compat:25.2.0] AndroidManifest.xml:21:5-23:58
INJECTED from src/main/AndroidManifest.xml:21:5-23:16
INJECTED from src/main/AndroidManifest.xml:21:5-23:16
	tools:overrideLibrary
		ADDED from [com.android.support:support-v4:25.2.0] AndroidManifest.xml:23:9-51
	android:targetSdkVersion
		INJECTED from src/main/AndroidManifest.xml
		ADDED from src/main/AndroidManifest.xml:21:5-23:16
		INJECTED from src/main/AndroidManifest.xml
	android:minSdkVersion
		INJECTED from src/main/AndroidManifest.xml
		ADDED from src/main/AndroidManifest.xml:21:5-23:16
		INJECTED from src/main/AndroidManifest.xml
uses-permission#android.permission.GET_ACCOUNTS
ADDED from src/main/AndroidManifest.xml:25:5-71
	android:name
		ADDED from src/main/AndroidManifest.xml:25:22-68
uses-permission#android.permission.ACCESS_NETWORK_STATE
ADDED from src/main/AndroidManifest.xml:26:5-79
	android:name
		ADDED from src/main/AndroidManifest.xml:26:22-76
uses-permission#android.permission.ACCESS_WIFI_STATE
ADDED from src/main/AndroidManifest.xml:27:5-76
	android:name
		ADDED from src/main/AndroidManifest.xml:27:22-73
uses-permission#android.permission.INTERNET
ADDED from src/main/AndroidManifest.xml:28:5-67
	android:name
		ADDED from src/main/AndroidManifest.xml:28:22-64
uses-permission#android.permission.CAMERA
ADDED from src/main/AndroidManifest.xml:30:5-65
	android:name
		ADDED from src/main/AndroidManifest.xml:30:22-62
uses-permission#android.permission.WRITE_EXTERNAL_STORAGE
ADDED from src/main/AndroidManifest.xml:31:5-80
	android:name
		ADDED from src/main/AndroidManifest.xml:31:22-78
application
ADDED from src/main/AndroidManifest.xml:33:5-58:19
MERGED from [com.clover.sdk:remote-pay-android-connector:2.0.0-SNAPSHOT] AndroidManifest.xml:13:5-48:19
MERGED from [com.clover.sdk:remote-pay-android-connector:2.0.0-SNAPSHOT] AndroidManifest.xml:13:5-48:19
MERGED from [com.clover:clover-remote-interface:235-SNAPSHOT] AndroidManifest.xml:10:5-20
MERGED from [com.clover:clover-remote-interface:235-SNAPSHOT] AndroidManifest.xml:10:5-20
MERGED from [com.google.android.gms:play-services-vision:10.2.6] AndroidManifest.xml:4:5-19
MERGED from [com.google.android.gms:play-services-vision:10.2.6] AndroidManifest.xml:4:5-19
MERGED from [com.google.android.gms:play-services-base:10.2.6] AndroidManifest.xml:18:5-20:19
MERGED from [com.google.android.gms:play-services-base:10.2.6] AndroidManifest.xml:18:5-20:19
MERGED from [com.google.android.gms:play-services-tasks:10.2.6] AndroidManifest.xml:4:5-19
MERGED from [com.google.android.gms:play-services-tasks:10.2.6] AndroidManifest.xml:4:5-19
MERGED from [com.google.android.gms:play-services-basement:10.2.6] AndroidManifest.xml:19:5-21:19
MERGED from [com.google.android.gms:play-services-basement:10.2.6] AndroidManifest.xml:19:5-21:19
MERGED from [com.android.support:support-v4:25.2.0] AndroidManifest.xml:25:5-20
MERGED from [com.android.support:support-v4:25.2.0] AndroidManifest.xml:25:5-20
MERGED from [com.clover.sdk:clover-android-sdk:207-SNAPSHOT] AndroidManifest.xml:27:5-20
MERGED from [com.clover.sdk:clover-android-sdk:207-SNAPSHOT] AndroidManifest.xml:27:5-20
MERGED from [com.android.support:support-fragment:25.2.0] AndroidManifest.xml:25:5-20
MERGED from [com.android.support:support-fragment:25.2.0] AndroidManifest.xml:25:5-20
MERGED from [com.android.support:support-media-compat:25.2.0] AndroidManifest.xml:25:5-20
MERGED from [com.android.support:support-media-compat:25.2.0] AndroidManifest.xml:25:5-20
MERGED from [com.android.support:support-core-utils:25.2.0] AndroidManifest.xml:25:5-20
MERGED from [com.android.support:support-core-utils:25.2.0] AndroidManifest.xml:25:5-20
MERGED from [com.android.support:support-core-ui:25.2.0] AndroidManifest.xml:25:5-20
MERGED from [com.android.support:support-core-ui:25.2.0] AndroidManifest.xml:25:5-20
MERGED from [com.android.support:support-compat:25.2.0] AndroidManifest.xml:25:5-20
MERGED from [com.android.support:support-compat:25.2.0] AndroidManifest.xml:25:5-20
	android:label
		ADDED from src/main/AndroidManifest.xml:35:9-41
	android:icon
		ADDED from src/main/AndroidManifest.xml:34:9-43
	android:theme
		ADDED from src/main/AndroidManifest.xml:36:9-44
activity#com.clover.remote.client.lib.example.StartupActivity
ADDED from src/main/AndroidManifest.xml:37:9-46:20
	android:screenOrientation
		ADDED from src/main/AndroidManifest.xml:41:17-54
	android:label
		ADDED from src/main/AndroidManifest.xml:39:17-67
	android:windowSoftInputMode
		ADDED from src/main/AndroidManifest.xml:40:17-58
	android:name
		ADDED from src/main/AndroidManifest.xml:38:17-48
intent-filter#action:name:android.intent.action.MAIN+category:name:android.intent.category.LAUNCHER
ADDED from src/main/AndroidManifest.xml:42:13-45:29
action#android.intent.action.MAIN
ADDED from src/main/AndroidManifest.xml:43:17-69
	android:name
		ADDED from src/main/AndroidManifest.xml:43:25-66
category#android.intent.category.LAUNCHER
ADDED from src/main/AndroidManifest.xml:44:17-77
	android:name
		ADDED from src/main/AndroidManifest.xml:44:27-74
activity#com.clover.remote.client.lib.example.ExamplePOSActivity
ADDED from src/main/AndroidManifest.xml:47:9-51:20
	android:screenOrientation
		ADDED from src/main/AndroidManifest.xml:50:13-50
	android:label
		ADDED from src/main/AndroidManifest.xml:49:13-63
	android:name
		ADDED from src/main/AndroidManifest.xml:48:13-47
activity#com.clover.remote.client.lib.example.qrCode.barcode.BarcodeCaptureActivity
ADDED from src/main/AndroidManifest.xml:53:9-57:20
	android:screenOrientation
		ADDED from src/main/AndroidManifest.xml:56:13-50
	android:label
		ADDED from src/main/AndroidManifest.xml:55:13-63
	android:name
		ADDED from src/main/AndroidManifest.xml:54:13-102
uses-feature#android.hardware.usb.host
ADDED from [com.clover.sdk:remote-pay-android-connector:2.0.0-SNAPSHOT] AndroidManifest.xml:9:5-11:35
	android:required
		ADDED from [com.clover.sdk:remote-pay-android-connector:2.0.0-SNAPSHOT] AndroidManifest.xml:11:9-32
	android:name
		ADDED from [com.clover.sdk:remote-pay-android-connector:2.0.0-SNAPSHOT] AndroidManifest.xml:10:9-49
service#com.clover.remote.client.transport.usb.pos.PosUsbRemoteProtocolService
ADDED from [com.clover.sdk:remote-pay-android-connector:2.0.0-SNAPSHOT] AndroidManifest.xml:14:9-21:19
	android:label
		ADDED from [com.clover.sdk:remote-pay-android-connector:2.0.0-SNAPSHOT] AndroidManifest.xml:17:13-45
	android:exported
		ADDED from [com.clover.sdk:remote-pay-android-connector:2.0.0-SNAPSHOT] AndroidManifest.xml:16:13-36
	android:name
		ADDED from [com.clover.sdk:remote-pay-android-connector:2.0.0-SNAPSHOT] AndroidManifest.xml:15:13-98
intent-filter#action:name:com.clover.remote.client.transport.usb.pos.PosUsbRemoteProtocolService
ADDED from [com.clover.sdk:remote-pay-android-connector:2.0.0-SNAPSHOT] AndroidManifest.xml:18:13-20:29
action#com.clover.remote.client.transport.usb.pos.PosUsbRemoteProtocolService
ADDED from [com.clover.sdk:remote-pay-android-connector:2.0.0-SNAPSHOT] AndroidManifest.xml:19:17-113
	android:name
		ADDED from [com.clover.sdk:remote-pay-android-connector:2.0.0-SNAPSHOT] AndroidManifest.xml:19:25-110
receiver#com.clover.remote.client.transport.usb.pos.PosUsbBroadcastReceiver
ADDED from [com.clover.sdk:remote-pay-android-connector:2.0.0-SNAPSHOT] AndroidManifest.xml:24:9-34:20
	android:name
		ADDED from [com.clover.sdk:remote-pay-android-connector:2.0.0-SNAPSHOT] AndroidManifest.xml:24:19-100
intent-filter#action:name:android.hardware.usb.action.USB_DEVICE_DETACHED
ADDED from [com.clover.sdk:remote-pay-android-connector:2.0.0-SNAPSHOT] AndroidManifest.xml:25:13-29:29
action#android.hardware.usb.action.USB_DEVICE_DETACHED
ADDED from [com.clover.sdk:remote-pay-android-connector:2.0.0-SNAPSHOT] AndroidManifest.xml:28:17-90
	android:name
		ADDED from [com.clover.sdk:remote-pay-android-connector:2.0.0-SNAPSHOT] AndroidManifest.xml:28:25-87
meta-data#android.hardware.usb.action.USB_DEVICE_DETACHED
ADDED from [com.clover.sdk:remote-pay-android-connector:2.0.0-SNAPSHOT] AndroidManifest.xml:31:13-33:57
	android:resource
		ADDED from [com.clover.sdk:remote-pay-android-connector:2.0.0-SNAPSHOT] AndroidManifest.xml:33:17-54
	android:name
		ADDED from [com.clover.sdk:remote-pay-android-connector:2.0.0-SNAPSHOT] AndroidManifest.xml:32:17-79
activity#com.clover.remote.client.transport.usb.pos.UsbActivity
ADDED from [com.clover.sdk:remote-pay-android-connector:2.0.0-SNAPSHOT] AndroidManifest.xml:37:9-47:20
	android:name
		ADDED from [com.clover.sdk:remote-pay-android-connector:2.0.0-SNAPSHOT] AndroidManifest.xml:37:19-88
intent-filter#action:name:android.hardware.usb.action.USB_DEVICE_ATTACHED
ADDED from [com.clover.sdk:remote-pay-android-connector:2.0.0-SNAPSHOT] AndroidManifest.xml:38:13-41:29
action#android.hardware.usb.action.USB_DEVICE_ATTACHED
ADDED from [com.clover.sdk:remote-pay-android-connector:2.0.0-SNAPSHOT] AndroidManifest.xml:39:17-90
	android:name
		ADDED from [com.clover.sdk:remote-pay-android-connector:2.0.0-SNAPSHOT] AndroidManifest.xml:39:25-87
meta-data#android.hardware.usb.action.USB_DEVICE_ATTACHED
ADDED from [com.clover.sdk:remote-pay-android-connector:2.0.0-SNAPSHOT] AndroidManifest.xml:43:13-45:57
	android:resource
		ADDED from [com.clover.sdk:remote-pay-android-connector:2.0.0-SNAPSHOT] AndroidManifest.xml:45:17-54
	android:name
		ADDED from [com.clover.sdk:remote-pay-android-connector:2.0.0-SNAPSHOT] AndroidManifest.xml:44:17-79
activity#com.google.android.gms.common.api.GoogleApiActivity
ADDED from [com.google.android.gms:play-services-base:10.2.6] AndroidManifest.xml:19:9-172
	android:exported
		ADDED from [com.google.android.gms:play-services-base:10.2.6] AndroidManifest.xml:19:146-170
	android:theme
		ADDED from [com.google.android.gms:play-services-base:10.2.6] AndroidManifest.xml:19:86-145
	android:name
		ADDED from [com.google.android.gms:play-services-base:10.2.6] AndroidManifest.xml:19:19-85
meta-data#com.google.android.gms.version
ADDED from [com.google.android.gms:play-services-basement:10.2.6] AndroidManifest.xml:20:9-121
	android:value
		ADDED from [com.google.android.gms:play-services-basement:10.2.6] AndroidManifest.xml:20:66-119
	android:name
		ADDED from [com.google.android.gms:play-services-basement:10.2.6] AndroidManifest.xml:20:20-65